10:41:25.199 INFO  [main][QuestionnaireApplication.logStarting(StartupInfoLogger.java:55)] Starting QuestionnaireApplication using Java 17.0.2 on DESKTOP-OJI00N2 with PID 11192 (D:\Java_project\questionnaire\bin\main started by user in D:\Java_project\questionnaire)
10:41:25.205 INFO  [main][QuestionnaireApplication.logStartupProfileInfo(SpringApplication.java:632)] No active profile set, falling back to 1 default profile: "default"
10:41:26.033 INFO  [main][RepositoryConfigurationDelegate.registerRepositoriesIn(RepositoryConfigurationDelegate.java:132)] Bootstrapping Spring Data JPA repositories in DEFAULT mode.
10:41:26.094 INFO  [main][RepositoryConfigurationDelegate.registerRepositoriesIn(RepositoryConfigurationDelegate.java:201)] Finished Spring Data repository scanning in 50 ms. Found 3 JPA repository interfaces.
10:41:26.789 INFO  [main][TomcatWebServer.initialize(TomcatWebServer.java:108)] Tomcat initialized with port(s): 8080 (http)
10:41:26.802 INFO  [main][Http11NioProtocol.log(DirectJDKLog.java:173)] Initializing ProtocolHandler ["http-nio-8080"]
10:41:26.804 INFO  [main][StandardService.log(DirectJDKLog.java:173)] Starting service [Tomcat]
10:41:26.804 INFO  [main][StandardEngine.log(DirectJDKLog.java:173)] Starting Servlet engine: [Apache Tomcat/9.0.82]
10:41:26.925 INFO  [main][[/].log(DirectJDKLog.java:173)] Initializing Spring embedded WebApplicationContext
10:41:26.926 INFO  [main][ServletWebServerApplicationContext.prepareWebApplicationContext(ServletWebServerApplicationContext.java:292)] Root WebApplicationContext: initialization completed in 1663 ms
10:41:27.107 INFO  [main][HikariDataSource.getConnection(HikariDataSource.java:110)] HikariPool-1 - Starting...
10:41:27.292 INFO  [main][HikariDataSource.getConnection(HikariDataSource.java:123)] HikariPool-1 - Start completed.
10:41:27.341 INFO  [main][LogHelper.logPersistenceUnitInformation(LogHelper.java:31)] HHH000204: Processing PersistenceUnitInfo [name: default]
10:41:27.387 INFO  [main][Version.logVersion(Version.java:44)] HHH000412: Hibernate ORM core version 5.6.15.Final
10:41:27.535 INFO  [main][Version.<clinit>(JavaReflectionManager.java:56)] HCANN000001: Hibernate Commons Annotations {5.1.2.Final}
10:41:27.654 INFO  [main][Dialect.<init>(Dialect.java:175)] HHH000400: Using dialect: org.hibernate.dialect.MySQL8Dialect
10:41:27.900 WARN  [main][RootClass.checkCompositeIdentifier(RootClass.java:287)] HHH000038: Composite-id class does not override equals(): com.example.questionnaire.entity.QuestionId
10:41:27.900 WARN  [main][RootClass.checkCompositeIdentifier(RootClass.java:290)] HHH000039: Composite-id class does not override hashCode(): com.example.questionnaire.entity.QuestionId
10:41:28.186 INFO  [main][JtaPlatformInitiator.initiateService(JtaPlatformInitiator.java:52)] HHH000490: Using JtaPlatform implementation: [org.hibernate.engine.transaction.jta.platform.internal.NoJtaPlatform]
10:41:28.196 INFO  [main][LocalContainerEntityManagerFactoryBean.buildNativeEntityManagerFactory(AbstractEntityManagerFactoryBean.java:437)] Initialized JPA EntityManagerFactory for persistence unit 'default'
10:41:28.907 WARN  [main][JpaBaseConfiguration$JpaWebConfiguration.openEntityManagerInViewInterceptor(JpaBaseConfiguration.java:223)] spring.jpa.open-in-view is enabled by default. Therefore, database queries may be performed during view rendering. Explicitly configure spring.jpa.open-in-view to disable this warning
10:41:29.243 INFO  [main][Http11NioProtocol.log(DirectJDKLog.java:173)] Starting ProtocolHandler ["http-nio-8080"]
10:41:29.265 INFO  [main][TomcatWebServer.start(TomcatWebServer.java:220)] Tomcat started on port(s): 8080 (http) with context path ''
10:41:29.277 INFO  [main][QuestionnaireApplication.logStarted(StartupInfoLogger.java:61)] Started QuestionnaireApplication in 4.484 seconds (JVM running for 5.29)
10:44:18.934 INFO  [http-nio-8080-exec-1][[/].log(DirectJDKLog.java:173)] Initializing Spring DispatcherServlet 'dispatcherServlet'
10:44:18.934 INFO  [http-nio-8080-exec-1][DispatcherServlet.initServletBean(FrameworkServlet.java:525)] Initializing Servlet 'dispatcherServlet'
10:44:18.942 INFO  [http-nio-8080-exec-1][DispatcherServlet.initServletBean(FrameworkServlet.java:547)] Completed initialization in 8 ms
11:56:39.153 WARN  [HikariPool-1 housekeeper][HikariPool.run(HikariPool.java:788)] HikariPool-1 - Thread starvation or clock leap detected (housekeeper delta=40m10s817ms409µs400ns).
12:09:59.904 WARN  [HikariPool-1 housekeeper][HikariPool.run(HikariPool.java:788)] HikariPool-1 - Thread starvation or clock leap detected (housekeeper delta=3m50s601ms933µs800ns).
13:42:07.016 INFO  [main][QuestionnaireApplication.logStarting(StartupInfoLogger.java:55)] Starting QuestionnaireApplication using Java 17.0.2 on DESKTOP-OJI00N2 with PID 6512 (D:\Java_project\questionnaire\bin\main started by user in D:\Java_project\questionnaire)
13:42:07.019 INFO  [main][QuestionnaireApplication.logStartupProfileInfo(SpringApplication.java:632)] No active profile set, falling back to 1 default profile: "default"
13:42:07.514 INFO  [main][RepositoryConfigurationDelegate.registerRepositoriesIn(RepositoryConfigurationDelegate.java:132)] Bootstrapping Spring Data JPA repositories in DEFAULT mode.
13:42:07.560 INFO  [main][RepositoryConfigurationDelegate.registerRepositoriesIn(RepositoryConfigurationDelegate.java:201)] Finished Spring Data repository scanning in 37 ms. Found 3 JPA repository interfaces.
13:42:08.063 INFO  [main][TomcatWebServer.initialize(TomcatWebServer.java:108)] Tomcat initialized with port(s): 8080 (http)
13:42:08.069 INFO  [main][Http11NioProtocol.log(DirectJDKLog.java:173)] Initializing ProtocolHandler ["http-nio-8080"]
13:42:08.071 INFO  [main][StandardService.log(DirectJDKLog.java:173)] Starting service [Tomcat]
13:42:08.071 INFO  [main][StandardEngine.log(DirectJDKLog.java:173)] Starting Servlet engine: [Apache Tomcat/9.0.82]
13:42:08.200 INFO  [main][[/].log(DirectJDKLog.java:173)] Initializing Spring embedded WebApplicationContext
13:42:08.200 INFO  [main][ServletWebServerApplicationContext.prepareWebApplicationContext(ServletWebServerApplicationContext.java:292)] Root WebApplicationContext: initialization completed in 1143 ms
13:42:08.338 INFO  [main][HikariDataSource.getConnection(HikariDataSource.java:110)] HikariPool-1 - Starting...
13:42:08.467 INFO  [main][HikariDataSource.getConnection(HikariDataSource.java:123)] HikariPool-1 - Start completed.
13:42:08.501 INFO  [main][LogHelper.logPersistenceUnitInformation(LogHelper.java:31)] HHH000204: Processing PersistenceUnitInfo [name: default]
13:42:08.539 INFO  [main][Version.logVersion(Version.java:44)] HHH000412: Hibernate ORM core version 5.6.15.Final
13:42:08.669 INFO  [main][Version.<clinit>(JavaReflectionManager.java:56)] HCANN000001: Hibernate Commons Annotations {5.1.2.Final}
13:42:08.743 INFO  [main][Dialect.<init>(Dialect.java:175)] HHH000400: Using dialect: org.hibernate.dialect.MySQL8Dialect
13:42:08.900 WARN  [main][RootClass.checkCompositeIdentifier(RootClass.java:287)] HHH000038: Composite-id class does not override equals(): com.example.questionnaire.entity.QuestionId
13:42:08.901 WARN  [main][RootClass.checkCompositeIdentifier(RootClass.java:290)] HHH000039: Composite-id class does not override hashCode(): com.example.questionnaire.entity.QuestionId
13:42:09.099 INFO  [main][JtaPlatformInitiator.initiateService(JtaPlatformInitiator.java:52)] HHH000490: Using JtaPlatform implementation: [org.hibernate.engine.transaction.jta.platform.internal.NoJtaPlatform]
13:42:09.108 INFO  [main][LocalContainerEntityManagerFactoryBean.buildNativeEntityManagerFactory(AbstractEntityManagerFactoryBean.java:437)] Initialized JPA EntityManagerFactory for persistence unit 'default'
13:42:09.617 WARN  [main][JpaBaseConfiguration$JpaWebConfiguration.openEntityManagerInViewInterceptor(JpaBaseConfiguration.java:223)] spring.jpa.open-in-view is enabled by default. Therefore, database queries may be performed during view rendering. Explicitly configure spring.jpa.open-in-view to disable this warning
13:42:09.866 INFO  [main][Http11NioProtocol.log(DirectJDKLog.java:173)] Starting ProtocolHandler ["http-nio-8080"]
13:42:09.887 INFO  [main][TomcatWebServer.start(TomcatWebServer.java:220)] Tomcat started on port(s): 8080 (http) with context path ''
13:42:09.897 INFO  [main][QuestionnaireApplication.logStarted(StartupInfoLogger.java:61)] Started QuestionnaireApplication in 3.178 seconds (JVM running for 3.804)
13:42:15.627 INFO  [http-nio-8080-exec-2][[/].log(DirectJDKLog.java:173)] Initializing Spring DispatcherServlet 'dispatcherServlet'
13:42:15.627 INFO  [http-nio-8080-exec-2][DispatcherServlet.initServletBean(FrameworkServlet.java:525)] Initializing Servlet 'dispatcherServlet'
13:42:15.628 INFO  [http-nio-8080-exec-2][DispatcherServlet.initServletBean(FrameworkServlet.java:547)] Completed initialization in 1 ms
