02:49:43.314 INFO  [main][QuestionnaireApplication.logStarting(StartupInfoLogger.java:55)] Starting QuestionnaireApplication using Java 17.0.2 on DESKTOP-OJI00N2 with PID 24180 (D:\Java_project\questionnaire\bin\main started by user in D:\Java_project\questionnaire)
02:49:43.320 INFO  [main][QuestionnaireApplication.logStartupProfileInfo(SpringApplication.java:632)] No active profile set, falling back to 1 default profile: "default"
02:49:44.154 INFO  [main][RepositoryConfigurationDelegate.registerRepositoriesIn(RepositoryConfigurationDelegate.java:132)] Bootstrapping Spring Data JPA repositories in DEFAULT mode.
02:49:44.209 INFO  [main][RepositoryConfigurationDelegate.registerRepositoriesIn(RepositoryConfigurationDelegate.java:201)] Finished Spring Data repository scanning in 45 ms. Found 3 JPA repository interfaces.
02:49:44.834 INFO  [main][TomcatWebServer.initialize(TomcatWebServer.java:108)] Tomcat initialized with port(s): 8080 (http)
02:49:44.841 INFO  [main][Http11NioProtocol.log(DirectJDKLog.java:173)] Initializing ProtocolHandler ["http-nio-8080"]
02:49:44.843 INFO  [main][StandardService.log(DirectJDKLog.java:173)] Starting service [Tomcat]
02:49:44.843 INFO  [main][StandardEngine.log(DirectJDKLog.java:173)] Starting Servlet engine: [Apache Tomcat/9.0.82]
02:49:44.939 INFO  [main][[/].log(DirectJDKLog.java:173)] Initializing Spring embedded WebApplicationContext
02:49:44.940 INFO  [main][ServletWebServerApplicationContext.prepareWebApplicationContext(ServletWebServerApplicationContext.java:292)] Root WebApplicationContext: initialization completed in 1527 ms
02:49:45.084 INFO  [main][HikariDataSource.getConnection(HikariDataSource.java:110)] HikariPool-1 - Starting...
02:49:45.214 INFO  [main][HikariDataSource.getConnection(HikariDataSource.java:123)] HikariPool-1 - Start completed.
02:49:45.262 INFO  [main][LogHelper.logPersistenceUnitInformation(LogHelper.java:31)] HHH000204: Processing PersistenceUnitInfo [name: default]
02:49:45.314 INFO  [main][Version.logVersion(Version.java:44)] HHH000412: Hibernate ORM core version 5.6.15.Final
02:49:45.458 INFO  [main][Version.<clinit>(JavaReflectionManager.java:56)] HCANN000001: Hibernate Commons Annotations {5.1.2.Final}
02:49:45.552 INFO  [main][Dialect.<init>(Dialect.java:175)] HHH000400: Using dialect: org.hibernate.dialect.MySQL8Dialect
02:49:45.742 WARN  [main][RootClass.checkCompositeIdentifier(RootClass.java:287)] HHH000038: Composite-id class does not override equals(): com.example.questionnaire.entity.QuestionId
02:49:45.743 WARN  [main][RootClass.checkCompositeIdentifier(RootClass.java:290)] HHH000039: Composite-id class does not override hashCode(): com.example.questionnaire.entity.QuestionId
02:49:45.963 INFO  [main][JtaPlatformInitiator.initiateService(JtaPlatformInitiator.java:52)] HHH000490: Using JtaPlatform implementation: [org.hibernate.engine.transaction.jta.platform.internal.NoJtaPlatform]
02:49:45.972 INFO  [main][LocalContainerEntityManagerFactoryBean.buildNativeEntityManagerFactory(AbstractEntityManagerFactoryBean.java:437)] Initialized JPA EntityManagerFactory for persistence unit 'default'
02:49:46.495 WARN  [main][JpaBaseConfiguration$JpaWebConfiguration.openEntityManagerInViewInterceptor(JpaBaseConfiguration.java:223)] spring.jpa.open-in-view is enabled by default. Therefore, database queries may be performed during view rendering. Explicitly configure spring.jpa.open-in-view to disable this warning
02:49:46.760 INFO  [main][Http11NioProtocol.log(DirectJDKLog.java:173)] Starting ProtocolHandler ["http-nio-8080"]
02:49:46.781 INFO  [main][TomcatWebServer.start(TomcatWebServer.java:220)] Tomcat started on port(s): 8080 (http) with context path ''
02:49:46.790 INFO  [main][QuestionnaireApplication.logStarted(StartupInfoLogger.java:61)] Started QuestionnaireApplication in 3.995 seconds (JVM running for 4.691)
04:30:57.647 INFO  [http-nio-8080-exec-3][[/].log(DirectJDKLog.java:173)] Initializing Spring DispatcherServlet 'dispatcherServlet'
04:30:57.647 INFO  [http-nio-8080-exec-3][DispatcherServlet.initServletBean(FrameworkServlet.java:525)] Initializing Servlet 'dispatcherServlet'
04:30:57.647 INFO  [http-nio-8080-exec-3][DispatcherServlet.initServletBean(FrameworkServlet.java:547)] Completed initialization in 0 ms
05:24:05.651 INFO  [http-nio-8080-exec-6][Http11Processor.log(DirectJDKLog.java:175)] Error parsing HTTP request header
 Note: further occurrences of HTTP request parsing errors will be logged at DEBUG level.
java.lang.IllegalArgumentException: Invalid character found in method name [0xb40x910xe40xd20xf00xc70x1db0xe10xefGI0xa30x9bU~...]. HTTP method names must be tokens
	at org.apache.coyote.http11.Http11InputBuffer.parseRequestLine(Http11InputBuffer.java:407)
	at org.apache.coyote.http11.Http11Processor.service(Http11Processor.java:263)
	at org.apache.coyote.AbstractProcessorLight.process(AbstractProcessorLight.java:63)
	at org.apache.coyote.AbstractProtocol$ConnectionHandler.process(AbstractProtocol.java:928)
	at org.apache.tomcat.util.net.NioEndpoint$SocketProcessor.doRun(NioEndpoint.java:1794)
	at org.apache.tomcat.util.net.SocketProcessorBase.run(SocketProcessorBase.java:52)
	at org.apache.tomcat.util.threads.ThreadPoolExecutor.runWorker(ThreadPoolExecutor.java:1191)
	at org.apache.tomcat.util.threads.ThreadPoolExecutor$Worker.run(ThreadPoolExecutor.java:659)
	at org.apache.tomcat.util.threads.TaskThread$WrappingRunnable.run(TaskThread.java:61)
	at java.base/java.lang.Thread.run(Thread.java:833)
20:53:34.137 INFO  [main][QuestionnaireApplication.logStarting(StartupInfoLogger.java:55)] Starting QuestionnaireApplication using Java 17.0.2 on DESKTOP-OJI00N2 with PID 23892 (D:\Java_project\questionnaire\bin\main started by user in D:\Java_project\questionnaire)
20:53:34.140 INFO  [main][QuestionnaireApplication.logStartupProfileInfo(SpringApplication.java:632)] No active profile set, falling back to 1 default profile: "default"
20:53:35.035 INFO  [main][RepositoryConfigurationDelegate.registerRepositoriesIn(RepositoryConfigurationDelegate.java:132)] Bootstrapping Spring Data JPA repositories in DEFAULT mode.
20:53:35.114 INFO  [main][RepositoryConfigurationDelegate.registerRepositoriesIn(RepositoryConfigurationDelegate.java:201)] Finished Spring Data repository scanning in 68 ms. Found 3 JPA repository interfaces.
20:53:35.909 INFO  [main][TomcatWebServer.initialize(TomcatWebServer.java:108)] Tomcat initialized with port(s): 8080 (http)
20:53:35.925 INFO  [main][Http11NioProtocol.log(DirectJDKLog.java:173)] Initializing ProtocolHandler ["http-nio-8080"]
20:53:35.926 INFO  [main][StandardService.log(DirectJDKLog.java:173)] Starting service [Tomcat]
20:53:35.927 INFO  [main][StandardEngine.log(DirectJDKLog.java:173)] Starting Servlet engine: [Apache Tomcat/9.0.82]
20:53:36.084 INFO  [main][[/].log(DirectJDKLog.java:173)] Initializing Spring embedded WebApplicationContext
20:53:36.084 INFO  [main][ServletWebServerApplicationContext.prepareWebApplicationContext(ServletWebServerApplicationContext.java:292)] Root WebApplicationContext: initialization completed in 1878 ms
20:53:36.310 INFO  [main][HikariDataSource.getConnection(HikariDataSource.java:110)] HikariPool-1 - Starting...
20:53:36.495 INFO  [main][HikariDataSource.getConnection(HikariDataSource.java:123)] HikariPool-1 - Start completed.
20:53:36.561 INFO  [main][LogHelper.logPersistenceUnitInformation(LogHelper.java:31)] HHH000204: Processing PersistenceUnitInfo [name: default]
20:53:36.635 INFO  [main][Version.logVersion(Version.java:44)] HHH000412: Hibernate ORM core version 5.6.15.Final
20:53:36.845 INFO  [main][Version.<clinit>(JavaReflectionManager.java:56)] HCANN000001: Hibernate Commons Annotations {5.1.2.Final}
20:53:36.957 INFO  [main][Dialect.<init>(Dialect.java:175)] HHH000400: Using dialect: org.hibernate.dialect.MySQL8Dialect
20:53:37.203 WARN  [main][RootClass.checkCompositeIdentifier(RootClass.java:287)] HHH000038: Composite-id class does not override equals(): com.example.questionnaire.entity.QuestionId
20:53:37.203 WARN  [main][RootClass.checkCompositeIdentifier(RootClass.java:290)] HHH000039: Composite-id class does not override hashCode(): com.example.questionnaire.entity.QuestionId
20:53:37.511 INFO  [main][JtaPlatformInitiator.initiateService(JtaPlatformInitiator.java:52)] HHH000490: Using JtaPlatform implementation: [org.hibernate.engine.transaction.jta.platform.internal.NoJtaPlatform]
20:53:37.522 INFO  [main][LocalContainerEntityManagerFactoryBean.buildNativeEntityManagerFactory(AbstractEntityManagerFactoryBean.java:437)] Initialized JPA EntityManagerFactory for persistence unit 'default'
20:53:38.254 WARN  [main][JpaBaseConfiguration$JpaWebConfiguration.openEntityManagerInViewInterceptor(JpaBaseConfiguration.java:223)] spring.jpa.open-in-view is enabled by default. Therefore, database queries may be performed during view rendering. Explicitly configure spring.jpa.open-in-view to disable this warning
20:53:38.585 INFO  [main][Http11NioProtocol.log(DirectJDKLog.java:173)] Starting ProtocolHandler ["http-nio-8080"]
20:53:38.609 INFO  [main][TomcatWebServer.start(TomcatWebServer.java:220)] Tomcat started on port(s): 8080 (http) with context path ''
20:53:38.624 INFO  [main][QuestionnaireApplication.logStarted(StartupInfoLogger.java:61)] Started QuestionnaireApplication in 5.012 seconds (JVM running for 5.935)
21:07:11.490 INFO  [http-nio-8080-exec-1][[/].log(DirectJDKLog.java:173)] Initializing Spring DispatcherServlet 'dispatcherServlet'
21:07:11.490 INFO  [http-nio-8080-exec-1][DispatcherServlet.initServletBean(FrameworkServlet.java:525)] Initializing Servlet 'dispatcherServlet'
21:07:11.494 INFO  [http-nio-8080-exec-1][DispatcherServlet.initServletBean(FrameworkServlet.java:547)] Completed initialization in 4 ms
22:30:20.575 WARN  [HikariPool-1 housekeeper][HikariPool.run(HikariPool.java:788)] HikariPool-1 - Thread starvation or clock leap detected (housekeeper delta=8m4s960ms529µs400ns).
23:14:20.415 WARN  [HikariPool-1 housekeeper][HikariPool.run(HikariPool.java:788)] HikariPool-1 - Thread starvation or clock leap detected (housekeeper delta=42m59s819ms111µs700ns).
